4/22/2013 1:22:02 PMLog file opened
c:\kudu\misc\Main_Page Success
Not Success: http://en.wikipedia.org/wiki/Main_Page/favicon.ico
Not Success: http://en.wikipedia.org/wiki/favicon.ico
c:\kudu\misc\WebStripper\favicon03.ico Success
Not Success: http://en.wikipedia.org/wiki/mediawiki.user
Not Success: http://en.wikipedia.org/wiki/skins.vector.js
c:\kudu\misc\en.wikipedia.org\w\static-1.22wmf2\skins\vector\csshover.min.htc Success
c:\kudu\misc\upload.wikimedia.org\wikipedia\en\b\bc\Wiki.png Success
c:\kudu\misc\en.wikipedia.org\apple-touch-icon.png Success
c:\kudu\misc\bits.wikimedia.org\favicon\wikipedia.ico Success
c:\kudu\misc\creativecommons.org\licenses\by-sa\3.0\index.html Success
c:\kudu\misc\bits.wikimedia.org\en.wikipedia.org\load.php.11.html Success
c:\kudu\misc\bits.wikimedia.org\en.wikipedia.org\load.php.12.html Success
c:\kudu\misc\Wikipedia Success
c:\kudu\misc\Free_content Success
c:\kudu\misc\Encyclopedia Success
c:\kudu\misc\Wikipedia3AIntroduction Success
c:\kudu\misc\Special3AStatistics Success
c:\kudu\misc\English_language Success
c:\kudu\misc\Portal3AArts Success
c:\kudu\misc\Portal3ABiography Success
c:\kudu\misc\Portal3AGeography Success
c:\kudu\misc\Portal3AHistory Success
c:\kudu\misc\Portal3AMathematics Success
c:\kudu\misc\Portal3AScience Success
c:\kudu\misc\Portal3ASociety Success
c:\kudu\misc\Portal3ATechnology Success
c:\kudu\misc\Portal3AContents\Portals Success
c:\kudu\misc\File3AJackdaw_-_up_close_and_personal_(552502080).jpg Success
c:\kudu\misc\upload.wikimedia.org\wikipedia\commons\thumb\2\2f\Jackdaw_-_up_close_and_personal_$28552502080$29.jpg\100px-Jackdaw_-_up_close_and_personal_$28552502080$29.jpg Success
c:\kudu\misc\Western_Jackdaw Success
c:\kudu\misc\Passerine Success
c:\kudu\misc\Corvidae Success
c:\kudu\misc\Bird_migration Success
c:\kudu\misc\Subspecies Success
c:\kudu\misc\Plumage Success
c:\kudu\misc\Carl_Linnaeus Success
c:\kudu\misc\Species_description Success
c:\kudu\misc\Genetic_testing Success
c:\kudu\misc\Daurian_Jackdaw Success
c:\kudu\misc\Corvus_(genus) Success
c:\kudu\misc\Coloeus Success
c:\kudu\misc\Nape Success
c:\kudu\misc\Iris_(anatomy) Success
c:\kudu\misc\Omnivore Success
c:\kudu\misc\Invertebrate Success
c:\kudu\misc\Monogamous_pairing_in_animals Success
c:\kudu\misc\Reginald_Heber Success
c:\kudu\misc\Fairfax_Harrison Success
c:\kudu\misc\God_of_War3A_Chains_of_Olympus Success
c:\kudu\misc\Wikipedia3AToday$27s_featured_article\April_2013 Success
c:\kudu\misc\Wikipedia3AFeatured_articles Success
c:\kudu\misc\Wikipedia3ARecent_additions Success
c:\kudu\misc\File3ACokeMagiCan2.jpg Success
c:\kudu\misc\upload.wikimedia.org\wikipedia\commons\thumb\3\33\CokeMagiCan2.jpg\100px-CokeMagiCan2.jpg Success
c:\kudu\misc\Coca-Cola Success
c:\kudu\misc\MagiCans Success
c:\kudu\misc\Leona_Woods Success
c:\kudu\misc\Chicago_Pile-1 Success
c:\kudu\misc\Ebor_(horse) Success
c:\kudu\misc\St_Leger_Stakes Success
c:\kudu\misc\Blacklock_(horse) Success
c:\kudu\misc\Glee_(TV_series) Success
c:\kudu\misc\Idina_Menzel Success
c:\kudu\misc\Shelby_Corcoran Success
c:\kudu\misc\Lea_Michele Success
c:\kudu\misc\Damaraland_mole_rat Success
c:\kudu\misc\Leonard_Nimoy Success
c:\kudu\misc\I_Am_Not_Spock Success
c:\kudu\misc\Pearlin_Jean Success
c:\kudu\misc\Wikipedia3AYour_first_article Success
c:\kudu\misc\Template_talk3ADid_you_know Success
c:\kudu\misc\Novelty_architecture Success
c:\kudu\misc\Remainder Success
c:\kudu\misc\Earth_Day Success
c:\kudu\misc\Wikipedia3AToday$27s_articles_for_improvement Success
c:\kudu\misc\File3APresidente_Napolitano.jpg Success
c:\kudu\misc\upload.wikimedia.org\wikipedia\commons\thumb\5\5c\Presidente_Napolitano.jpg\76px-Presidente_Napolitano.jpg Success
c:\kudu\misc\Tsegaye_Kebede Success
c:\kudu\misc\Priscah_Jeptoo Success
c:\kudu\misc\2013_London_Marathon Success
c:\kudu\misc\Giorgio_Napolitano Success
c:\kudu\misc\Italian_presidential_election,_2013 Success
c:\kudu\misc\President_of_Italy Success
c:\kudu\misc\Moment_magnitude_scale Success
c:\kudu\misc\2013_Lushan_earthquake Success
c:\kudu\misc\Lushan_County,_Sichuan Success
c:\kudu\misc\Ya$27an Success
c:\kudu\misc\Sichuan Success
c:\kudu\misc\Serbia Success
c:\kudu\misc\Republic_of_Kosovo Success
c:\kudu\misc\European_Union Success
c:\kudu\misc\Kosovo$E2$80$93Serbia_relations Success
c:\kudu\misc\Manhunt_(law_enforcement) Success
c:\kudu\misc\Boston Success
c:\kudu\misc\Boston_Marathon_bombings Success
c:\kudu\misc\President_of_Pakistan Success
c:\kudu\misc\Pervez_Musharraf Success
c:\kudu\misc\Pakistani_state_of_emergency,_2007 Success
c:\kudu\misc\Deaths_in_2013 Success
c:\kudu\misc\Storm_Thorgerson Success
c:\kudu\misc\Portal3ACurrent_events Success
c:\kudu\misc\April_22 Success
c:\kudu\misc\File3APedro-alvares-cabral.jpg Success
c:\kudu\misc\upload.wikimedia.org\wikipedia\commons\thumb\5\54\Pedro-alvares-cabral.jpg\75px-Pedro-alvares-cabral.jpg Success
c:\kudu\misc\1500 Success
c:\kudu\misc\Pedro_$C3$81lvares_Cabral Success
c:\kudu\misc\1622 Success
c:\kudu\misc\Capture_of_Ormuz_(1622) Success
c:\kudu\misc\Hormuz_Island Success
c:\kudu\misc\Persian_Gulf Success
c:\kudu\misc\1930 Success
c:\kudu\misc\London_Naval_Treaty Success
c:\kudu\misc\Submarine Success
c:\kudu\misc\1948 Success
c:\kudu\misc\1947$E2$80$931948_Civil_War_in_Mandatory_Palestine Success
c:\kudu\misc\Paramilitary Success
c:\kudu\misc\Haganah Success
c:\kudu\misc\Battle_of_Haifa_(1948) Success
c:\kudu\misc\Arab_Liberation_Army Success
c:\kudu\misc\1969 Success
c:\kudu\misc\Robin_Knox-Johnston Success
c:\kudu\misc\Sunday_Times_Golden_Globe_Race Success
c:\kudu\misc\Circumnavigation Success
c:\kudu\misc\1998 Success
c:\kudu\misc\Disney$27s_Animal_Kingdom Success
c:\kudu\misc\Walt_Disney_World_Resort Success
c:\kudu\misc\Florida Success
c:\kudu\misc\April_21 Success
c:\kudu\misc\April_23 Success
c:\kudu\misc\Wikipedia3ASelected_anniversaries\April Success
c:\kudu\misc\List_of_historical_anniversaries Success
c:\kudu\misc\Coordinated_Universal_Time Success
c:\kudu\misc\File3AMary_signs_a_CD_cropped.jpg Success
c:\kudu\misc\upload.wikimedia.org\wikipedia\commons\thumb\5\57\Mary_signs_a_CD_cropped.jpg\85px-Mary_signs_a_CD_cropped.jpg Success
c:\kudu\misc\Grammy_Award_for_Best_Native_American_Music_Album Success
c:\kudu\misc\Grammy_Award Success
c:\kudu\misc\Native_American_music Success
c:\kudu\misc\Tom_Bee Success
c:\kudu\misc\Douglas_Spotted_Eagle Success
c:\kudu\misc\2001_Grammy_Awards Success
c:\kudu\misc\Record_producer Success
c:\kudu\misc\Compilation_album Success
c:\kudu\misc\National_Academy_of_Recording_Arts_and_Sciences Success
c:\kudu\misc\Grammy_Award_for_Best_Regional_Roots_Music_Album Success
c:\kudu\misc\Bill_Miller_(musician) Success
c:\kudu\misc\Mary_Youngblood Success
c:\kudu\misc\List_of_James_Bond_novels_and_short_stories Success
c:\kudu\misc\Peter_Sellers_on_stage,_radio,_screen_and_record Success
c:\kudu\misc\Foot_in_Mouth_Award Success
c:\kudu\misc\Wikipedia3AToday$27s_featured_list\April_2013 Success
c:\kudu\misc\Wikipedia3AFeatured_lists Success
c:\kudu\misc\File3APittsburgh_dawn_city_pano.jpg Success
c:\kudu\misc\upload.wikimedia.org\wikipedia\commons\thumb\8\89\Pittsburgh_dawn_city_pano.jpg\1300px-Pittsburgh_dawn_city_pano.jpg Success
c:\kudu\misc\Pittsburgh Success
c:\kudu\misc\Mount_Washington_(Pittsburgh) Success
c:\kudu\misc\Commonwealth_(U.S._state) Success
c:\kudu\misc\User3AMfield Success
c:\kudu\misc\Template3APOTD\2013-04-21 Success
c:\kudu\misc\Template3APOTD\2013-04-20 Success
c:\kudu\misc\Template3APOTD\2013-04-19 Success
c:\kudu\misc\Wikipedia3APicture_of_the_day\April_2013 Success
c:\kudu\misc\Wikipedia3AFeatured_pictures Success
c:\kudu\misc\Wikipedia3ACommunity_portal Success
c:\kudu\misc\Wikipedia3AHelp_desk Success
c:\kudu\misc\Wikipedia3ALocal_Embassy Success
c:\kudu\misc\Wikipedia3AReference_desk Success
c:\kudu\misc\Wikipedia3ANews Success
c:\kudu\misc\Wikipedia3AVillage_pump Success
c:\kudu\misc\Wikimedia_Foundation Success
c:\kudu\misc\upload.wikimedia.org\wikipedia\en\9\9d\Commons-logo-31px.png Success
c:\kudu\misc\upload.wikimedia.org\wikipedia\commons\thumb\3\3d\Mediawiki-logo.png\35px-Mediawiki-logo.png Success
c:\kudu\misc\upload.wikimedia.org\wikipedia\en\b\bc\Meta-logo-35px.png Success
c:\kudu\misc\upload.wikimedia.org\wikipedia\en\7\7f\Wikibooks-logo-35px.png Success
c:\kudu\misc\upload.wikimedia.org\wikipedia\commons\thumb\f\ff\Wikidata-logo.svg\47px-Wikidata-logo.svg.png Success
c:\kudu\misc\upload.wikimedia.org\wikipedia\en\6\60\Wikinews-logo-51px.png Success
c:\kudu\misc\upload.wikimedia.org\wikipedia\en\4\46\Wikiquote-logo-51px.png Success
c:\kudu\misc\upload.wikimedia.org\wikipedia\en\b\b6\Wikisource-logo-35px.png Success
c:\kudu\misc\upload.wikimedia.org\wikipedia\en\b\bf\Wikispecies-logo-35px.png Success
c:\kudu\misc\upload.wikimedia.org\wikipedia\en\e\e3\Wikiversity-logo-41px.png Success
c:\kudu\misc\upload.wikimedia.org\wikipedia\commons\thumb\8\8a\Wikivoyage-logo.svg\35px-Wikivoyage-logo.svg.png Success
c:\kudu\misc\upload.wikimedia.org\wikipedia\en\f\f2\Wiktionary-logo-51px.png Success
c:\kudu\misc\Talk3AMain_Page Success
c:\kudu\misc\bits.wikimedia.org\static-1.22wmf2\skins\vector\images\search-ltr.png.183.html Success
c:\kudu\misc\Portal3AContents Success
c:\kudu\misc\Portal3AFeatured_content Success
Not Success: http://en.wikipedia.org/wiki/Special:Random
c:\kudu\misc\Help3AContents Success
c:\kudu\misc\Wikipedia3AAbout Success
c:\kudu\misc\Special3ARecentChanges Success
c:\kudu\misc\Wikipedia3AContact_us Success
c:\kudu\misc\Special3AWhatLinksHere\Main_Page Success
c:\kudu\misc\Special3ARecentChangesLinked\Main_Page Success
c:\kudu\misc\Wikipedia3AFile_Upload_Wizard Success
c:\kudu\misc\Special3ASpecialPages Success
c:\kudu\misc\Wikipedia3AText_of_Creative_Commons_Attribution-ShareAlike_3.0_Unported_License Success
c:\kudu\misc\Wikipedia3AGeneral_disclaimer Success
c:\kudu\misc\bits.wikimedia.org\images\wikimedia-button.png Success
c:\kudu\misc\bits.wikimedia.org\static-1.22wmf2\skins\common\images\poweredby_mediawiki_88x31.png Success
c:\kudu\misc\bits.wikimedia.org\en.wikipedia.org\load.php.199.html Success
c:\kudu\misc\ssl\index.html Success
Not Success: http://www/
c:\kudu\misc\creativecommons.org\includes\yahooapis\2.6.0\container.css Success
c:\kudu\misc\creativecommons.org\includes\deed3.css Success
c:\kudu\misc\creativecommons.org\includes\deed3-print.css Success
c:\kudu\misc\creativecommons.org\includes\jurisdictions.css Success
c:\kudu\misc\creativecommons.org\includes\deed3-ie.css Success
c:\kudu\misc\creativecommons.org\includes\yahooapis\2.6.0\yahoo-dom-event.js Success
c:\kudu\misc\creativecommons.org\includes\yahooapis\2.6.0\connection-min.js Success
c:\kudu\misc\creativecommons.org\includes\yahooapis\2.6.0\json-min.js Success
c:\kudu\misc\creativecommons.org\includes\yahooapis\2.6.0\container-min.js Success
c:\kudu\misc\scraper.creativecommons.org\js\deed.js Success
c:\kudu\misc\creativecommons.org\includes\help.js Success
c:\kudu\misc\creativecommons.org\images\deed\cc-logo.jpg Success
c:\kudu\misc\creativecommons.org\images\deed\seal.png Success
c:\kudu\misc\creativecommons.org\images\information.png Success
c:\kudu\misc\upload.wikimedia.org\wikipedia\commons\3\3f\Gnome_speakernotes_30px.png Success
c:\kudu\misc\upload.wikimedia.org\wikipedia\commons\2\23\Icons-mini-file_acrobat.gif Success
c:\kudu\misc\bits.wikimedia.org\skins\common\images\bullet.gif Success
c:\kudu\misc\bits.wikimedia.org\skins\vector\images\bullet-icon.png Success
c:\kudu\misc\bits.wikimedia.org\skins\common\images\Checker-16x16.png Success
c:\kudu\misc\upload.wikimedia.org\wikipedia\commons\e\e0\Tan-page-corner.png Success
c:\kudu\misc\upload.wikimedia.org\wikipedia\commons\f\f2\Treeview-grey-line.png Success
c:\kudu\misc\upload.wikimedia.org\wikipedia\commons\4\42\Monobook-bullet-ga.png Success
c:\kudu\misc\upload.wikimedia.org\wikipedia\commons\d\d4\Monobook-bullet-star.png Success
c:\kudu\misc\upload.wikimedia.org\wikipedia\en\0\00\Lock_icon_blue.gif Success
c:\kudu\misc\en.wikipedia.org\w\static-1.22wmf1\skins\vector\csshover.min.htc Success
c:\kudu\misc\File3ACorvus_monedula_01.JPG Success
c:\kudu\misc\upload.wikimedia.org\wikipedia\commons\thumb\8\80\Corvus_monedula_01.JPG\220px-Corvus_monedula_01.JPG Success
c:\kudu\misc\Biological_classification Success
c:\kudu\misc\Animal Success
c:\kudu\misc\Chordate Success
c:\kudu\misc\Bird Success
c:\kudu\misc\Peter_Simon_Pallas Success
c:\kudu\misc\Birds_of_South_Asia3A_The_Ripley_Guide Success
c:\kudu\misc\International_Ornithological_Congress Success
c:\kudu\misc\Mongolia Success
c:\kudu\misc\Molecular_Phylogenetics_and_Evolution Success
c:\kudu\misc\Digital_object_identifier Success
c:\kudu\misc\PubMed_Identifier Success
c:\kudu\misc\International_Standard_Book_Number Success
c:\kudu\misc\Special3ABookSources\978-84-87334-67-2 Success
c:\kudu\misc\A_$26_C_Black Success
c:\kudu\misc\Special3ABookSources\0-7136-3999-7 Success
c:\kudu\misc\Help3ACategories Success
c:\kudu\misc\Category3ACorvus Success
c:\kudu\misc\Category3AArticles_with_$27species$27_microformats Success
c:\kudu\misc\Talk3AColoeus Success
c:\kudu\misc\bits.wikimedia.org\static-1.22wmf1\skins\vector\images\search-ltr.png.248.html Success
c:\kudu\misc\Special3AWhatLinksHere\Coloeus Success
c:\kudu\misc\Special3ARecentChangesLinked\Coloeus Success
c:\kudu\misc\bits.wikimedia.org\static-1.22wmf1\skins\common\images\poweredby_mediawiki_88x31.png Success
c:\kudu\misc\upload.wikimedia.org\wikipedia\commons\thumb\8\8e\1leftarrow.png\16px-1leftarrow.png Success
c:\kudu\misc\Wikipedia3AIntroduction_2 Success
c:\kudu\misc\Wikipedia3AIntroduction_3 Success
c:\kudu\misc\Wikipedia3ATutorial Success
c:\kudu\misc\File3AEdit-this-page-large.png Success
c:\kudu\misc\upload.wikimedia.org\wikipedia\commons\thumb\d\d0\Edit-this-page-large.png\250px-Edit-this-page-large.png Success
c:\kudu\misc\bits.wikimedia.org\static-1.22wmf1\skins\common\images\magnify-clip.png Success
c:\kudu\misc\upload.wikimedia.org\wikipedia\commons\1\1c\Wikipedia_video_tutorial-1-Editing-en.ogv Success
c:\kudu\misc\upload.wikimedia.org\wikipedia\commons\transcoded\1\1c\Wikipedia_video_tutorial-1-Editing-en.ogv\Wikipedia_video_tutorial-1-Editing-en.ogv.360p.webm Success
Not Success: http://commons.wikimedia.org/w/index.php?title=:Wikipedia+video+tutorial-1-Editing-en.ogv.en.srt&action=raw&ctype=text/x-srt
Not Success: http://commons.wikimedia.org/w/index.php?title=:Wikipedia+video+tutorial-1-Editing-en.ogv.eu.srt&action=raw&ctype=text/x-srt
Not Success: http://commons.wikimedia.org/w/index.php?title=:Wikipedia+video+tutorial-1-Editing-en.ogv.mk.srt&action=raw&ctype=text/x-srt
Not Success: http://commons.wikimedia.org/w/index.php?title=:Wikipedia+video+tutorial-1-Editing-en.ogv.pt.srt&action=raw&ctype=text/x-srt
c:\kudu\misc\File3AWikipedia_video_tutorial-1-Editing-en.ogv Success
c:\kudu\misc\Collaborative_editing Success
c:\kudu\misc\Wikipedia3AWho_writes_Wikipedia Success
c:\kudu\misc\Wiki Success
c:\kudu\misc\Help3APage_history Success
c:\kudu\misc\Help3ARecent_changes Success
c:\kudu\misc\Wikipedia3ABe_bold Success
c:\kudu\misc\Help3AIntroduction_to_referencing\1 Success
c:\kudu\misc\Wikipedia3AVerifiability Success
c:\kudu\misc\Help3AIntroduction_to_talk_pages Success
c:\kudu\misc\Wikipedia3AEditing_policy Success
c:\kudu\misc\Wikipedia3ASandbox Success
c:\kudu\misc\Category3AWikipedia_basic_information Success
c:\kudu\misc\Category3AWikipedia_quick_introductions Success
c:\kudu\misc\Wikipedia_talk3AIntroduction Success
c:\kudu\misc\Special3AWhatLinksHere\Wikipedia3AIntroduction Success
c:\kudu\misc\Special3ARecentChangesLinked\Wikipedia3AIntroduction Success
c:\kudu\misc\commons.wikimedia.org\wiki\File3AJackdaw_-_up_close_and_personal_(552502080).jpg Success
c:\kudu\misc\commons.wikimedia.org\w\index.php.283.html Success
c:\kudu\misc\upload.wikimedia.org\wikipedia\commons\thumb\2\2f\Jackdaw_-_up_close_and_personal_$28552502080$29.jpg\667px-Jackdaw_-_up_close_and_personal_$28552502080$29.jpg Success
c:\kudu\misc\File3ACommons-logo.svg Success
c:\kudu\misc\upload.wikimedia.org\wikipedia\en\thumb\4\4a\Commons-logo.svg\30px-Commons-logo.svg.png Success
c:\kudu\misc\upload.wikimedia.org\wikipedia\en\thumb\4\4a\Commons-logo.svg\14px-Commons-logo.svg.png Success
c:\kudu\misc\upload.wikimedia.org\wikipedia\commons\thumb\7\79\CC_some_rights_reserved.svg\90px-CC_some_rights_reserved.svg.png Success
c:\kudu\misc\upload.wikimedia.org\wikipedia\commons\thumb\1\11\Cc-by_new_white.svg\24px-Cc-by_new_white.svg.png Success
Not Success: http://en.wikipedia.org/wiki/en:Creative_Commons
c:\kudu\misc\upload.wikimedia.org\wikipedia\commons\thumb\9\95\Checked_copyright_icon.svg\50px-Checked_copyright_icon.svg.png Success
c:\kudu\misc\Flickr Success
c:\kudu\misc\upload.wikimedia.org\wikipedia\commons\thumb\2\2f\Jackdaw_-_up_close_and_personal_$28552502080$29.jpg\120px-Jackdaw_-_up_close_and_personal_$28552502080$29.jpg Success
c:\kudu\misc\Crow Success
c:\kudu\misc\User3A4v4l0n42\Today Success
c:\kudu\misc\User3AAlexblainelayder Success
c:\kudu\misc\User3AAmeliorate!\queue Success
c:\kudu\misc\User3AAncheta_Wis\Contributions Success
c:\kudu\misc\User3AAsenine\Sandbox2 Success
c:\kudu\misc\User3ABegoon\Sandbox\TFA_List Success
c:\kudu\misc\User3AChris_huh\Main_Page Success
c:\kudu\misc\User3AClientele Success
c:\kudu\misc\User3AClientele\mastercopy\mainpage Success
c:\kudu\misc\User3AClientele\trashbin Success
c:\kudu\misc\User3ADRAGON_BOOSTER Success
c:\kudu\misc\User3ADrVerlucci\Main_Page Success
c:\kudu\misc\User3AFayssalF Success
c:\kudu\misc\User3AFayssalF\Userpage Success
c:\kudu\misc\User3AGlassCobra Success
c:\kudu\misc\User3AHiDrNick\TFA_blurbs Success
c:\kudu\misc\User3AHowcheng\Main_Page Success
c:\kudu\misc\User3AImperatorExercitus Success
c:\kudu\misc\User3AInteriot\Main Success
c:\kudu\misc\User3AOptimist_on_the_run\mainlinks Success
c:\kudu\misc\User3APiotrus Success
c:\kudu\misc\User3APjoef Success
c:\kudu\misc\User3ARahuloof Success
c:\kudu\misc\User3ARamesh_Ramaiah\Today Success
c:\kudu\misc\User3ARic36\Main_Page_Alternate Success
c:\kudu\misc\User3ARic36\Main_Page_Alternate_2 Success
c:\kudu\misc\User3ARichard_Ye\Sandbox Success
c:\kudu\misc\User3ARyanCross\U Success
c:\kudu\misc\User3ASahara4u Success
c:\kudu\misc\User3AUniverse$3Datom Success
c:\kudu\misc\User_talk3ACasliber\Archive_40 Success
c:\kudu\misc\User_talk3AWikiLambo Success
c:\kudu\misc\Wikipedia3ADid_you_know\Preview\1 Success
c:\kudu\misc\Wikipedia3ADid_you_know\Preview\2 Success
c:\kudu\misc\Wikipedia3ADid_you_know\Preview\3 Success
c:\kudu\misc\Wikipedia3ADid_you_know\Preview\4 Success
c:\kudu\misc\Wikipedia3ADid_you_know\Preview\5 Success
c:\kudu\misc\Wikipedia3ADid_you_know\Preview\6 Success
c:\kudu\misc\Wikipedia3AMain_Page\1 Success
c:\kudu\misc\Wikipedia3AMain_Page\2 Success
c:\kudu\misc\Wikipedia3AMain_Page\3 Success
c:\kudu\misc\Wikipedia3AMain_Page\4 Success
4/22/2013 1:22:39 PM Parsing complete
