Reparse
File: c:\kudu\misc\Main_Page.html
File: c:\kudu\misc\creativecommons.org\licenses\by-sa\3.0\index.html
File: c:\kudu\misc\bits.wikimedia.org\en.wikipedia.org\load.php.11.css
File: c:\kudu\misc\bits.wikimedia.org\en.wikipedia.org\load.php.12.css
File: c:\kudu\misc\Wikipedia.html
File: c:\kudu\misc\Free_content.html
File: c:\kudu\misc\Encyclopedia.html
File: c:\kudu\misc\Wikipedia3AIntroduction.html
File: c:\kudu\misc\Special3AStatistics.html
File: c:\kudu\misc\English_language.html
File: c:\kudu\misc\Portal3AArts.html
File: c:\kudu\misc\Portal3ABiography.html
File: c:\kudu\misc\Portal3AGeography.html
File: c:\kudu\misc\Portal3AHistory.html
File: c:\kudu\misc\Portal3AMathematics.html
File: c:\kudu\misc\Portal3AScience.html
File: c:\kudu\misc\Portal3ASociety.html
File: c:\kudu\misc\Portal3ATechnology.html
File: c:\kudu\misc\Portal3AContents\Portals.html
File: c:\kudu\misc\File3AJackdaw_-_up_close_and_personal_(552502080).html
File: c:\kudu\misc\Western_Jackdaw.html
File: c:\kudu\misc\Passerine.html
File: c:\kudu\misc\Corvidae.html
File: c:\kudu\misc\Bird_migration.html
File: c:\kudu\misc\Subspecies.html
File: c:\kudu\misc\Plumage.html
File: c:\kudu\misc\Carl_Linnaeus.html
File: c:\kudu\misc\Species_description.html
File: c:\kudu\misc\Genetic_testing.html
File: c:\kudu\misc\Daurian_Jackdaw.html
File: c:\kudu\misc\Corvus_(genus).html
File: c:\kudu\misc\Coloeus.html
File: c:\kudu\misc\Nape.html
File: c:\kudu\misc\Iris_(anatomy).html
File: c:\kudu\misc\Omnivore.html
File: c:\kudu\misc\Invertebrate.html
File: c:\kudu\misc\Monogamous_pairing_in_animals.html
File: c:\kudu\misc\Reginald_Heber.html
File: c:\kudu\misc\Fairfax_Harrison.html
File: c:\kudu\misc\God_of_War3A_Chains_of_Olympus.html
File: c:\kudu\misc\Wikipedia3AToday$27s_featured_article\April_2013.html
File: c:\kudu\misc\Wikipedia3AFeatured_articles.html
File: c:\kudu\misc\Wikipedia3ARecent_additions.html
File: c:\kudu\misc\File3ACokeMagiCan2.html
File: c:\kudu\misc\Coca-Cola.html
File: c:\kudu\misc\MagiCans.html
File: c:\kudu\misc\Leona_Woods.html
File: c:\kudu\misc\Chicago_Pile-1.html
File: c:\kudu\misc\Ebor_(horse).html
File: c:\kudu\misc\St_Leger_Stakes.html
File: c:\kudu\misc\Blacklock_(horse).html
File: c:\kudu\misc\Glee_(TV_series).html
File: c:\kudu\misc\Idina_Menzel.html
File: c:\kudu\misc\Shelby_Corcoran.html
File: c:\kudu\misc\Lea_Michele.html
File: c:\kudu\misc\Damaraland_mole_rat.html
File: c:\kudu\misc\Leonard_Nimoy.html
File: c:\kudu\misc\I_Am_Not_Spock.html
File: c:\kudu\misc\Pearlin_Jean.html
File: c:\kudu\misc\Wikipedia3AYour_first_article.html
File: c:\kudu\misc\Template_talk3ADid_you_know.html
File: c:\kudu\misc\Novelty_architecture.html
File: c:\kudu\misc\Remainder.html
File: c:\kudu\misc\Earth_Day.html
File: c:\kudu\misc\Wikipedia3AToday$27s_articles_for_improvement.html
File: c:\kudu\misc\File3APresidente_Napolitano.html
File: c:\kudu\misc\Tsegaye_Kebede.html
File: c:\kudu\misc\Priscah_Jeptoo.html
File: c:\kudu\misc\2013_London_Marathon.html
File: c:\kudu\misc\Giorgio_Napolitano.html
File: c:\kudu\misc\Italian_presidential_election,_2013.html
File: c:\kudu\misc\President_of_Italy.html
File: c:\kudu\misc\Moment_magnitude_scale.html
File: c:\kudu\misc\2013_Lushan_earthquake.html
File: c:\kudu\misc\Lushan_County,_Sichuan.html
File: c:\kudu\misc\Ya$27an.html
File: c:\kudu\misc\Sichuan.html
File: c:\kudu\misc\Serbia.html
File: c:\kudu\misc\Republic_of_Kosovo.html
File: c:\kudu\misc\European_Union.html
File: c:\kudu\misc\Kosovo$E2$80$93Serbia_relations.html
File: c:\kudu\misc\Manhunt_(law_enforcement).html
File: c:\kudu\misc\Boston.html
File: c:\kudu\misc\Boston_Marathon_bombings.html
File: c:\kudu\misc\President_of_Pakistan.html
File: c:\kudu\misc\Pervez_Musharraf.html
File: c:\kudu\misc\Pakistani_state_of_emergency,_2007.html
File: c:\kudu\misc\Deaths_in_2013.html
File: c:\kudu\misc\Storm_Thorgerson.html
File: c:\kudu\misc\Portal3ACurrent_events.html
File: c:\kudu\misc\April_22.html
File: c:\kudu\misc\File3APedro-alvares-cabral.html
File: c:\kudu\misc\1500.html
File: c:\kudu\misc\Pedro_$C3$81lvares_Cabral.html
File: c:\kudu\misc\1622.html
File: c:\kudu\misc\Capture_of_Ormuz_(1622).html
File: c:\kudu\misc\Hormuz_Island.html
File: c:\kudu\misc\Persian_Gulf.html
File: c:\kudu\misc\1930.html
File: c:\kudu\misc\London_Naval_Treaty.html
File: c:\kudu\misc\Submarine.html
File: c:\kudu\misc\1948.html
File: c:\kudu\misc\1947$E2$80$931948_Civil_War_in_Mandatory_Palestine.html
File: c:\kudu\misc\Paramilitary.html
File: c:\kudu\misc\Haganah.html
File: c:\kudu\misc\Battle_of_Haifa_(1948).html
File: c:\kudu\misc\Arab_Liberation_Army.html
File: c:\kudu\misc\1969.html
File: c:\kudu\misc\Robin_Knox-Johnston.html
File: c:\kudu\misc\Sunday_Times_Golden_Globe_Race.html
File: c:\kudu\misc\Circumnavigation.html
File: c:\kudu\misc\1998.html
File: c:\kudu\misc\Disney$27s_Animal_Kingdom.html
File: c:\kudu\misc\Walt_Disney_World_Resort.html
File: c:\kudu\misc\Florida.html
File: c:\kudu\misc\April_21.html
File: c:\kudu\misc\April_23.html
File: c:\kudu\misc\Wikipedia3ASelected_anniversaries\April.html
File: c:\kudu\misc\List_of_historical_anniversaries.html
File: c:\kudu\misc\Coordinated_Universal_Time.html
File: c:\kudu\misc\File3AMary_signs_a_CD_cropped.html
File: c:\kudu\misc\Grammy_Award_for_Best_Native_American_Music_Album.html
File: c:\kudu\misc\Grammy_Award.html
File: c:\kudu\misc\Native_American_music.html
File: c:\kudu\misc\Tom_Bee.html
File: c:\kudu\misc\Douglas_Spotted_Eagle.html
File: c:\kudu\misc\2001_Grammy_Awards.html
File: c:\kudu\misc\Record_producer.html
File: c:\kudu\misc\Compilation_album.html
File: c:\kudu\misc\National_Academy_of_Recording_Arts_and_Sciences.html
File: c:\kudu\misc\Grammy_Award_for_Best_Regional_Roots_Music_Album.html
File: c:\kudu\misc\Bill_Miller_(musician).html
File: c:\kudu\misc\Mary_Youngblood.html
File: c:\kudu\misc\List_of_James_Bond_novels_and_short_stories.html
File: c:\kudu\misc\Peter_Sellers_on_stage,_radio,_screen_and_record.html
File: c:\kudu\misc\Foot_in_Mouth_Award.html
File: c:\kudu\misc\Wikipedia3AToday$27s_featured_list\April_2013.html
File: c:\kudu\misc\Wikipedia3AFeatured_lists.html
File: c:\kudu\misc\File3APittsburgh_dawn_city_pano.html
File: c:\kudu\misc\Pittsburgh.html
File: c:\kudu\misc\Mount_Washington_(Pittsburgh).html
File: c:\kudu\misc\Commonwealth_(U.S.html
File: c:\kudu\misc\User3AMfield.html
File: c:\kudu\misc\Template3APOTD\2013-04-21.html
File: c:\kudu\misc\Template3APOTD\2013-04-20.html
File: c:\kudu\misc\Template3APOTD\2013-04-19.html
File: c:\kudu\misc\Wikipedia3APicture_of_the_day\April_2013.html
File: c:\kudu\misc\Wikipedia3AFeatured_pictures.html
File: c:\kudu\misc\Wikipedia3ACommunity_portal.html
File: c:\kudu\misc\Wikipedia3AHelp_desk.html
File: c:\kudu\misc\Wikipedia3ALocal_Embassy.html
File: c:\kudu\misc\Wikipedia3AReference_desk.html
File: c:\kudu\misc\Wikipedia3ANews.html
File: c:\kudu\misc\Wikipedia3AVillage_pump.html
File: c:\kudu\misc\Wikimedia_Foundation.html
File: c:\kudu\misc\Talk3AMain_Page.html
File: c:\kudu\misc\Portal3AContents.html
File: c:\kudu\misc\Portal3AFeatured_content.html
File: c:\kudu\misc\Help3AContents.html
File: c:\kudu\misc\Wikipedia3AAbout.html
File: c:\kudu\misc\Special3ARecentChanges.html
File: c:\kudu\misc\Wikipedia3AContact_us.html
File: c:\kudu\misc\Special3AWhatLinksHere\Main_Page.html
File: c:\kudu\misc\Special3ARecentChangesLinked\Main_Page.html
File: c:\kudu\misc\Wikipedia3AFile_Upload_Wizard.html
File: c:\kudu\misc\Special3ASpecialPages.html
File: c:\kudu\misc\Wikipedia3AText_of_Creative_Commons_Attribution-ShareAlike_3.html
File: c:\kudu\misc\Wikipedia3AGeneral_disclaimer.html
File: c:\kudu\misc\bits.wikimedia.org\en.wikipedia.org\load.php.199.html
File: c:\kudu\misc\ssl\index.html
File: c:\kudu\misc\creativecommons.org\includes\yahooapis\2.6.0\container.css
File: c:\kudu\misc\creativecommons.org\includes\deed3.css
File: c:\kudu\misc\creativecommons.org\includes\deed3-print.css
File: c:\kudu\misc\creativecommons.org\includes\jurisdictions.css
File: c:\kudu\misc\creativecommons.org\includes\deed3-ie.css
File: c:\kudu\misc\creativecommons.org\includes\yahooapis\2.6.0\yahoo-dom-event.js
File: c:\kudu\misc\creativecommons.org\includes\yahooapis\2.6.0\connection-min.js
File: c:\kudu\misc\creativecommons.org\includes\yahooapis\2.6.0\json-min.js
File: c:\kudu\misc\creativecommons.org\includes\yahooapis\2.6.0\container-min.js
File: c:\kudu\misc\scraper.creativecommons.org\js\deed.js
File: c:\kudu\misc\creativecommons.org\includes\help.js
File: c:\kudu\misc\File3ACorvus_monedula_01.html
File: c:\kudu\misc\Biological_classification.html
File: c:\kudu\misc\Animal.html
File: c:\kudu\misc\Chordate.html
File: c:\kudu\misc\Bird.html
File: c:\kudu\misc\Peter_Simon_Pallas.html
File: c:\kudu\misc\Birds_of_South_Asia3A_The_Ripley_Guide.html
File: c:\kudu\misc\International_Ornithological_Congress.html
File: c:\kudu\misc\Mongolia.html
File: c:\kudu\misc\Molecular_Phylogenetics_and_Evolution.html
File: c:\kudu\misc\Digital_object_identifier.html
File: c:\kudu\misc\PubMed_Identifier.html
File: c:\kudu\misc\International_Standard_Book_Number.html
File: c:\kudu\misc\Special3ABookSources\978-84-87334-67-2.html
File: c:\kudu\misc\A_$26_C_Black.html
File: c:\kudu\misc\Special3ABookSources\0-7136-3999-7.html
File: c:\kudu\misc\Help3ACategories.html
File: c:\kudu\misc\Category3ACorvus.html
File: c:\kudu\misc\Category3AArticles_with_$27species$27_microformats.html
File: c:\kudu\misc\Talk3AColoeus.html
File: c:\kudu\misc\Special3AWhatLinksHere\Coloeus.html
File: c:\kudu\misc\Special3ARecentChangesLinked\Coloeus.html
File: c:\kudu\misc\Wikipedia3AIntroduction_2.html
File: c:\kudu\misc\Wikipedia3AIntroduction_3.html
File: c:\kudu\misc\Wikipedia3ATutorial.html
File: c:\kudu\misc\File3AEdit-this-page-large.html
File: c:\kudu\misc\File3AWikipedia_video_tutorial-1-Editing-en.html
File: c:\kudu\misc\Collaborative_editing.html
File: c:\kudu\misc\Wikipedia3AWho_writes_Wikipedia.html
File: c:\kudu\misc\Wiki.html
File: c:\kudu\misc\Help3APage_history.html
File: c:\kudu\misc\Help3ARecent_changes.html
File: c:\kudu\misc\Wikipedia3ABe_bold.html
File: c:\kudu\misc\Help3AIntroduction_to_referencing\1.html
File: c:\kudu\misc\Wikipedia3AVerifiability.html
File: c:\kudu\misc\Help3AIntroduction_to_talk_pages.html
File: c:\kudu\misc\Wikipedia3AEditing_policy.html
File: c:\kudu\misc\Wikipedia3ASandbox.html
File: c:\kudu\misc\Category3AWikipedia_basic_information.html
File: c:\kudu\misc\Category3AWikipedia_quick_introductions.html
File: c:\kudu\misc\Wikipedia_talk3AIntroduction.html
File: c:\kudu\misc\Special3AWhatLinksHere\Wikipedia3AIntroduction.html
File: c:\kudu\misc\Special3ARecentChangesLinked\Wikipedia3AIntroduction.html
File: c:\kudu\misc\commons.wikimedia.org\wiki\File3AJackdaw_-_up_close_and_personal_(552502080).html
File: c:\kudu\misc\commons.wikimedia.org\w\index.php.283.css
File: c:\kudu\misc\File3ACommons-logo.html
File: c:\kudu\misc\Flickr.html
File: c:\kudu\misc\Crow.html
File: c:\kudu\misc\User3A4v4l0n42\Today.html
File: c:\kudu\misc\User3AAlexblainelayder.html
File: c:\kudu\misc\User3AAmeliorate!\queue.html
File: c:\kudu\misc\User3AAncheta_Wis\Contributions.html
File: c:\kudu\misc\User3AAsenine\Sandbox2.html
File: c:\kudu\misc\User3ABegoon\Sandbox\TFA_List.html
File: c:\kudu\misc\User3AChris_huh\Main_Page.html
File: c:\kudu\misc\User3AClientele.html
File: c:\kudu\misc\User3AClientele\mastercopy\mainpage.html
File: c:\kudu\misc\User3AClientele\trashbin.html
File: c:\kudu\misc\User3ADRAGON_BOOSTER.html
File: c:\kudu\misc\User3ADrVerlucci\Main_Page.html
File: c:\kudu\misc\User3AFayssalF.html
File: c:\kudu\misc\User3AFayssalF\Userpage.html
File: c:\kudu\misc\User3AGlassCobra.html
File: c:\kudu\misc\User3AHiDrNick\TFA_blurbs.html
File: c:\kudu\misc\User3AHowcheng\Main_Page.html
File: c:\kudu\misc\User3AImperatorExercitus.html
File: c:\kudu\misc\User3AInteriot\Main.html
File: c:\kudu\misc\User3AOptimist_on_the_run\mainlinks.html
File: c:\kudu\misc\User3APiotrus.html
File: c:\kudu\misc\User3APjoef.html
File: c:\kudu\misc\User3ARahuloof.html
File: c:\kudu\misc\User3ARamesh_Ramaiah\Today.html
File: c:\kudu\misc\User3ARic36\Main_Page_Alternate.html
File: c:\kudu\misc\User3ARic36\Main_Page_Alternate_2.html
File: c:\kudu\misc\User3ARichard_Ye\Sandbox.html
File: c:\kudu\misc\User3ARyanCross\U.html
File: c:\kudu\misc\User3ASahara4u.html
File: c:\kudu\misc\User3AUniverse$3Datom.html
File: c:\kudu\misc\User_talk3ACasliber\Archive_40.html
File: c:\kudu\misc\User_talk3AWikiLambo.html
File: c:\kudu\misc\Wikipedia3ADid_you_know\Preview\1.html
File: c:\kudu\misc\Wikipedia3ADid_you_know\Preview\2.html
File: c:\kudu\misc\Wikipedia3ADid_you_know\Preview\3.html
File: c:\kudu\misc\Wikipedia3ADid_you_know\Preview\4.html
File: c:\kudu\misc\Wikipedia3ADid_you_know\Preview\5.html
File: c:\kudu\misc\Wikipedia3ADid_you_know\Preview\6.html
File: c:\kudu\misc\Wikipedia3AMain_Page\1.html
File: c:\kudu\misc\Wikipedia3AMain_Page\2.html
File: c:\kudu\misc\Wikipedia3AMain_Page\3.html
File: c:\kudu\misc\Wikipedia3AMain_Page\4.html
File: c:\kudu\misc\creativecommons.org\includes\total.css
